<?xml version="1.0" encoding="UTF-8"?>
<!-- Generated by org.testng.reporters.JUnitXMLReporter -->
<testsuite hostname="DESKTOP-AFPACQQ" ignored="0" name="Default test" tests="5" failures="0" timestamp="03 Apr 2018 19:25:23 GMT" time="109.967" errors="0">
  <testcase name="currencyConverterValidation" time="9.17" classname="testDriver.TestCaseRunner"/>
  <testcase name="currencyConverterValidation" time="5.31" classname="testDriver.TestCaseRunner"/>
  <testcase name="currencyConverterValidation" time="11.71" classname="testDriver.TestCaseRunner"/>
  <testcase name="currencyConverterValidation" time="5.252" classname="testDriver.TestCaseRunner"/>
  <testcase name="noAmountCurrencyConverterErrorMessageValidation" time="7.727" classname="testDriver.TestCaseRunner"/>
</testsuite> <!-- Default test -->
