<?xml version="1.0" encoding="UTF-8"?>
<!-- Generated by org.testng.reporters.JUnitXMLReporter -->
<testsuite hostname="DESKTOP-AFPACQQ" ignored="0" name="Default test" tests="5" failures="0" timestamp="03 Apr 2018 03:59:28 GMT" time="109.309" errors="0">
  <testcase name="currencyConverterValidation" time="7.605" classname="testDriver.TestCaseRunner"/>
  <testcase name="currencyConverterValidation" time="8.165" classname="testDriver.TestCaseRunner"/>
  <testcase name="currencyConverterValidation" time="9.825" classname="testDriver.TestCaseRunner"/>
  <testcase name="currencyConverterValidation" time="6.317" classname="testDriver.TestCaseRunner"/>
  <testcase name="noAmountCurrencyConverterErrorMessageValidation" time="5.943" classname="testDriver.TestCaseRunner"/>
</testsuite> <!-- Default test -->
