<?xml version="1.0" encoding="UTF-8"?>
<!-- Generated by org.testng.reporters.JUnitXMLReporter -->
<testsuite hostname="DESKTOP-AFPACQQ" ignored="0" name="Test" tests="5" failures="0" timestamp="03 Apr 2018 17:47:41 GMT" time="118.371" errors="0">
  <testcase name="currencyConverterValidation" time="6.764" classname="testDriver.TestCaseRunner"/>
  <testcase name="currencyConverterValidation" time="8.137" classname="testDriver.TestCaseRunner"/>
  <testcase name="currencyConverterValidation" time="12.309" classname="testDriver.TestCaseRunner"/>
  <testcase name="currencyConverterValidation" time="9.278" classname="testDriver.TestCaseRunner"/>
  <testcase name="noAmountCurrencyConverterErrorMessageValidation" time="6.401" classname="testDriver.TestCaseRunner"/>
</testsuite> <!-- Test -->
